<?xml version="1.0" encoding="UTF-8"?>
<!-- Generated by org.testng.reporters.JUnitXMLReporter -->
<testsuite hostname="LAPTOP-3DP5VK6O" name="Test" tests="5" failures="0" timestamp="18 Jul 2018 11:37:44 GMT" time="0.045" errors="0">
  <testcase name="CreateCustomerTest" time="0.01" classname="com.acttime.customertest.CustomerTest"/>
  <testcase name="deleteCustomerTest" time="0.002" classname="com.acttime.customertest.CustomerTest"/>
  <testcase name="modifyCustomerTest" time="0.003" classname="com.acttime.customertest.CustomerTest"/>
  <testcase name="deleteCustomerTest" time="0.002" classname="com.acttime.projecttest.ProjectTest"/>
  <testcase name="modifyProjectTest" time="0.001" classname="com.acttime.projecttest.ProjectTest"/>
</testsuite> <!-- Test -->
